Using pre-set license
Built from '2021.1/staging' branch; Version is '2021.1.7f1 (d91830b65d9b) revision 14227504'; Using compiler version '192528614'; Build Type 'Release'
OS: 'Windows 10 Home; OS build 19043.2006; Version 2009; 64bit' Language: 'de' Physical Memory: 8151 MB
BatchMode: 1, IsHumanControllingUs: 0, StartBugReporterOnCrash: 0, Is64bit: 1, IsPro: 0

 COMMAND LINE ARGUMENTS:
D:\Verschiedenes\Unity\2021-1-7f1\Editor\Unity.exe
-adb2
-batchMode
-noUpm
-name
AssetImportWorker0
-projectPath
D:/Verschiedenes/HSA/IAM-Projekt/iam-projekt-1/IAM-Project 1
-logFile
Logs/AssetImportWorker0.log
-srvPort
56731
Successfully changed project path to: D:/Verschiedenes/HSA/IAM-Projekt/iam-projekt-1/IAM-Project 1
D:/Verschiedenes/HSA/IAM-Projekt/iam-projekt-1/IAM-Project 1
Using Asset Import Pipeline V2.
Refreshing native plugins compatible for Editor in 327.61 ms, found 1 plugins.
Preloading 0 native plugins for Editor in 0.00 ms.
Initialize engine version: 2021.1.7f1 (d91830b65d9b)
[Subsystems] Discovering subsystems at path D:/Verschiedenes/Unity/2021-1-7f1/Editor/Data/Resources/UnitySubsystems
[Subsystems] Discovering subsystems at path D:/Verschiedenes/HSA/IAM-Projekt/iam-projekt-1/IAM-Project 1/Assets
GfxDevice: creating device client; threaded=0; jobified=0
d3d12: loaded!
Direct3D:
    Version:         Direct3D 12 [level 12.1]
    Renderer:        NVIDIA GeForce GTX 1070 (ID=0x1b81)
    Vendor:          NVIDIA
    VRAM:            8088 MB
    App VRAM Budget: 7320 MB
    Driver:          30.0.15.1215
d3d12: Profiler is enabled, but stable power state is not. GPU timing errors are expected.

Shader 'Universal Render Pipeline/Particles/Lit': fallback shader 'Universal Render Pipeline/Particles/SimpleLit' not found
Initialize mono
Mono path[0] = 'D:/Verschiedenes/Unity/2021-1-7f1/Editor/Data/Managed'
Mono path[1] = 'D:/Verschiedenes/Unity/2021-1-7f1/Editor/Data/MonoBleedingEdge/lib/mono/unityjit'
Mono config path = 'D:/Verschiedenes/Unity/2021-1-7f1/Editor/Data/MonoBleedingEdge/etc'
Using monoOptions --debugger-agent=transport=dt_socket,embedding=1,server=y,suspend=n,address=127.0.0.1:56476
Begin MonoManager ReloadAssembly
Registering precompiled unity dll's ...
Register platform support module: D:/Verschiedenes/Unity/2021-1-7f1/Editor/Data/PlaybackEngines/WindowsStandaloneSupport/UnityEditor.WindowsStandalone.Extensions.dll
Registered in 0.001332 seconds.
Native extension for WindowsStandalone target not found
Refreshing native plugins compatible for Editor in 125.20 ms, found 1 plugins.
Preloading 0 native plugins for Editor in 0.00 ms.
Mono: successfully reloaded assembly
- Completed reload, in  1.311 seconds
Platform modules already initialized, skipping
Registering precompiled user dll's ...
Registered in 0.003867 seconds.
Begin MonoManager ReloadAssembly
Symbol file LoadedFromMemory doesn't match image D:\Verschiedenes\HSA\IAM-Projekt\iam-projekt-1\IAM-Project 1\Library\PackageCache\com.unity.visualscripting@1.6.1\Editor\VisualScripting.Core\Dependencies\YamlDotNet\Unity.VisualScripting.YamlDotNet.dll
Symbol file LoadedFromMemory doesn't match image D:\Verschiedenes\HSA\IAM-Projekt\iam-projekt-1\IAM-Project 1\Library\PackageCache\com.unity.visualscripting@1.6.1\Editor\VisualScripting.Core\Dependencies\DotNetZip\Unity.VisualScripting.IonicZip.dll
Native extension for WindowsStandalone target not found
Refreshing native plugins compatible for Editor in 122.07 ms, found 1 plugins.
Preloading 0 native plugins for Editor in 0.00 ms.
Mono: successfully reloaded assembly
- Completed reload, in  1.381 seconds
Platform modules already initialized, skipping
========================================================================
Worker process is ready to serve import requests
Shader 'Universal Render Pipeline/Particles/Lit': fallback shader 'Universal Render Pipeline/Particles/SimpleLit' not found
Launched and connected shader compiler UnityShaderCompiler.exe after 0.10 seconds
Refreshing native plugins compatible for Editor in 0.65 ms, found 1 plugins.
Preloading 0 native plugins for Editor in 0.00 ms.
Unloading 4023 Unused Serialized files (Serialized files now loaded: 0)
System memory in use before: 156.6 MB.
System memory in use after: 156.8 MB.

Unloading 15 unused Assets to reduce memory usage. Loaded Objects now: 4481.
Total: 2.746200 ms (FindLiveObjects: 0.303300 ms CreateObjectMapping: 0.224200 ms MarkObjects: 2.111500 ms  DeleteObjects: 0.106100 ms)

========================================================================
Received Import Request.
  path: Assets/TerrainGenerator.cs
  artifactKey: Guid(0569b09d6e75f97449254891a8efc06e) Importer(815301076,1909f56bfc062723c751e8b465ee728b)
Start importing Assets/TerrainGenerator.cs using Guid(0569b09d6e75f97449254891a8efc06e) Importer(815301076,1909f56bfc062723c751e8b465ee728b)  -> (artifact id: '1cfa8361d137e9ae03136e0aeb2140c1') in 0.094116 seconds 
========================================================================
Received Prepare
Registering precompiled user dll's ...
Registered in 0.002458 seconds.
Begin MonoManager ReloadAssembly
Symbol file LoadedFromMemory doesn't match image D:\Verschiedenes\HSA\IAM-Projekt\iam-projekt-1\IAM-Project 1\Library\PackageCache\com.unity.visualscripting@1.6.1\Editor\VisualScripting.Core\Dependencies\YamlDotNet\Unity.VisualScripting.YamlDotNet.dll
Symbol file LoadedFromMemory doesn't match image D:\Verschiedenes\HSA\IAM-Projekt\iam-projekt-1\IAM-Project 1\Library\PackageCache\com.unity.visualscripting@1.6.1\Editor\VisualScripting.Core\Dependencies\DotNetZip\Unity.VisualScripting.IonicZip.dll
Native extension for WindowsStandalone target not found
Refreshing native plugins compatible for Editor in 0.68 ms, found 1 plugins.
Preloading 0 native plugins for Editor in 0.00 ms.
Mono: successfully reloaded assembly
- Completed reload, in  1.164 seconds
Platform modules already initialized, skipping
Shader 'Universal Render Pipeline/Particles/Lit': fallback shader 'Universal Render Pipeline/Particles/SimpleLit' not found
Refreshing native plugins compatible for Editor in 0.68 ms, found 1 plugins.
Preloading 0 native plugins for Editor in 0.00 ms.
Unloading 3959 Unused Serialized files (Serialized files now loaded: 0)
System memory in use before: 151.2 MB.
System memory in use after: 151.4 MB.

Unloading 10 unused Assets to reduce memory usage. Loaded Objects now: 4485.
Total: 2.594700 ms (FindLiveObjects: 0.339500 ms CreateObjectMapping: 0.294800 ms MarkObjects: 1.907300 ms  DeleteObjects: 0.051900 ms)

AssetImportWorkerClient::OnTransportError - code=2 error=End of file
